Using pre-set license
Built from '6000.0/staging' branch; Version is '6000.0.28f1 (f336aca0cab5) revision 15939244'; Using compiler version '193933523'; Build Type 'Release'
OS: 'Windows 11  (10.0.26100) 64bit Core' Language: 'ru' Physical Memory: 16236 MB
BatchMode: 1, IsHumanControllingUs: 0, StartBugReporterOnCrash: 0, Is64bit: 1, IsPro: 1

COMMAND LINE ARGUMENTS:
C:\Program Files\Unity\Hub\Editor\6000.0.28f1\Editor\Unity.exe
-adb2
-batchMode
-noUpm
-name
AssetImportWorker4
-projectPath
C:/Repositories/CookingPlace
-logFile
Logs/AssetImportWorker4.log
-srvPort
57191
-job-worker-count
5
-background-job-worker-count
8
-asset-garbage-collectors
1
Successfully changed project path to: C:/Repositories/CookingPlace
C:/Repositories/CookingPlace
[UnityMemory] Configuration Parameters - Can be set up in boot.config
    "memorysetup-bucket-allocator-granularity=16"
    "memorysetup-bucket-allocator-bucket-count=8"
    "memorysetup-bucket-allocator-block-size=33554432"
    "memorysetup-bucket-allocator-block-count=8"
    "memorysetup-main-allocator-block-size=16777216"
    "memorysetup-thread-allocator-block-size=16777216"
    "memorysetup-gfx-main-allocator-block-size=16777216"
    "memorysetup-gfx-thread-allocator-block-size=16777216"
    "memorysetup-cache-allocator-block-size=4194304"
    "memorysetup-typetree-allocator-block-size=2097152"
    "memorysetup-profiler-bucket-allocator-granularity=16"
    "memorysetup-profiler-bucket-allocator-bucket-count=8"
    "memorysetup-profiler-bucket-allocator-block-size=33554432"
    "memorysetup-profiler-bucket-allocator-block-count=8"
    "memorysetup-profiler-allocator-block-size=16777216"
    "memorysetup-profiler-editor-allocator-block-size=1048576"
    "memorysetup-temp-allocator-size-main=16777216"
    "memorysetup-job-temp-allocator-block-size=2097152"
    "memorysetup-job-temp-allocator-block-size-background=1048576"
    "memorysetup-job-temp-allocator-reduction-small-platforms=262144"
    "memorysetup-allocator-temp-initial-block-size-main=262144"
    "memorysetup-allocator-temp-initial-block-size-worker=262144"
    "memorysetup-temp-allocator-size-background-worker=32768"
    "memorysetup-temp-allocator-size-job-worker=262144"
    "memorysetup-temp-allocator-size-preload-manager=33554432"
    "memorysetup-temp-allocator-size-nav-mesh-worker=65536"
    "memorysetup-temp-allocator-size-audio-worker=65536"
    "memorysetup-temp-allocator-size-cloud-worker=32768"
    "memorysetup-temp-allocator-size-gi-baking-worker=262144"
    "memorysetup-temp-allocator-size-gi-baking-worker=262144"
    "memorysetup-temp-allocator-size-gi-baking-worker=262144"
    "memorysetup-temp-allocator-size-gi-baking-worker=262144"
    "memorysetup-temp-allocator-size-gi-baking-worker=262144"
    "memorysetup-temp-allocator-size-gfx=262144"
Player connection [28868]  Target information:

Player connection [28868]  * "[IP] 192.168.100.4 [Port] 0 [Flags] 2 [Guid] 3002233464 [EditorId] 3002233464 [Version] 1048832 [Id] WindowsEditor(7,OneQuiveri) [Debug] 1 [PackageName] WindowsEditor [ProjectName] Editor" 

Player connection [28868] Host joined multi-casting on [225.0.0.222:54997]...
Player connection [28868] Host joined alternative multi-casting on [225.0.0.222:34997]...
JobSystem: Creating JobQueue using job-worker-count value 5
[Physics::Module] Initialized fallback backend.
[Physics::Module] Id: 0xdecafbad
Library Redirect Path: Library/
[Physics::Module] Selected backend.
[Physics::Module] Name: PhysX
[Physics::Module] Id: 0xf2b8ea05
[Physics::Module] SDK Version: 4.1.2
[Physics::Module] Integration Version: 1.0.0
[Physics::Module] Threading Mode: Multi-Threaded
Refreshing native plugins compatible for Editor in 140.20 ms, found 3 plugins.
Preloading 0 native plugins for Editor in 0.00 ms.
Initialize engine version: 6000.0.28f1 (f336aca0cab5)
[Subsystems] Discovering subsystems at path C:/Program Files/Unity/Hub/Editor/6000.0.28f1/Editor/Data/Resources/UnitySubsystems
[Subsystems] Discovering subsystems at path C:/Repositories/CookingPlace/Assets
GfxDevice: creating device client; kGfxThreadingModeNonThreaded
Direct3D:
    Version:  Direct3D 11.0 [level 11.1]
    Renderer: NVIDIA GeForce RTX 3070 Laptop GPU (ID=0x24dd)
    Vendor:   NVIDIA
    VRAM:     8020 MB
    Driver:   32.0.15.5585
Initialize mono
Mono path[0] = 'C:/Program Files/Unity/Hub/Editor/6000.0.28f1/Editor/Data/Managed'
Mono path[1] = 'C:/Program Files/Unity/Hub/Editor/6000.0.28f1/Editor/Data/MonoBleedingEdge/lib/mono/unityjit-win32'
Mono config path = 'C:/Program Files/Unity/Hub/Editor/6000.0.28f1/Editor/Data/MonoBleedingEdge/etc'
Using monoOptions --debugger-agent=transport=dt_socket,embedding=1,server=y,suspend=n,address=127.0.0.1:56120
Begin MonoManager ReloadAssembly
Registering precompiled unity dll's ...
Register platform support module: C:/Program Files/Unity/Hub/Editor/6000.0.28f1/Editor/Data/PlaybackEngines/WebGLSupport/UnityEditor.WebGL.Extensions.dll
Register platform support module: C:/Program Files/Unity/Hub/Editor/6000.0.28f1/Editor/Data/PlaybackEngines/WindowsStandaloneSupport/UnityEditor.WindowsStandalone.Extensions.dll
Registered in 0.004426 seconds.
- Loaded All Assemblies, in  1.191 seconds
Native extension for WindowsStandalone target not found
Native extension for WebGL target not found
Mono: successfully reloaded assembly
- Finished resetting the current domain, in  0.415 seconds
Domain Reload Profiling: 1604ms
	BeginReloadAssembly (151ms)
		ExecutionOrderSort (0ms)
		DisableScriptedObjects (0ms)
		BackupInstance (0ms)
		ReleaseScriptingObjects (0ms)
		CreateAndSetChildDomain (1ms)
	RebuildCommonClasses (188ms)
	RebuildNativeTypeToScriptingClass (12ms)
	initialDomainReloadingComplete (56ms)
	LoadAllAssembliesAndSetupDomain (782ms)
		LoadAssemblies (148ms)
		RebuildTransferFunctionScriptingTraits (0ms)
		AnalyzeDomain (779ms)
			TypeCache.Refresh (776ms)
				TypeCache.ScanAssembly (764ms)
			BuildScriptInfoCaches (0ms)
			ResolveRequiredComponents (1ms)
	FinalizeReload (415ms)
		ReleaseScriptCaches (0ms)
		RebuildScriptCaches (0ms)
		SetupLoadedEditorAssemblies (366ms)
			LogAssemblyErrors (0ms)
			InitializePlatformSupportModulesInManaged (24ms)
			SetLoadedEditorAssemblies (5ms)
			BeforeProcessingInitializeOnLoad (7ms)
			ProcessInitializeOnLoadAttributes (242ms)
			ProcessInitializeOnLoadMethodAttributes (86ms)
			AfterProcessingInitializeOnLoad (3ms)
			EditorAssembliesLoaded (0ms)
		ExecutionOrderSort2 (0ms)
		AwakeInstancesAfterBackupRestoration (0ms)
========================================================================
Worker process is ready to serve import requests
Import Worker Mode flag is 0x00
Begin MonoManager ReloadAssembly
- Loaded All Assemblies, in  1.560 seconds
Refreshing native plugins compatible for Editor in 0.86 ms, found 3 plugins.
Native extension for WindowsStandalone target not found
Native extension for WebGL target not found
Missing types referenced from component UniversalRenderPipelineGlobalSettings on game object UniversalRenderPipelineGlobalSettings:
	UnityEngine.Rendering.Universal.UniversalRenderPipelineEditorAssets, Unity.RenderPipelines.Universal.Runtime (1 object)
Mono: successfully reloaded assembly
- Finished resetting the current domain, in  1.461 seconds
Domain Reload Profiling: 3018ms
	BeginReloadAssembly (786ms)
		ExecutionOrderSort (0ms)
		DisableScriptedObjects (6ms)
		BackupInstance (0ms)
		ReleaseScriptingObjects (0ms)
		CreateAndSetChildDomain (34ms)
	RebuildCommonClasses (40ms)
	RebuildNativeTypeToScriptingClass (13ms)
	initialDomainReloadingComplete (49ms)
	LoadAllAssembliesAndSetupDomain (668ms)
		LoadAssemblies (464ms)
		RebuildTransferFunctionScriptingTraits (0ms)
		AnalyzeDomain (326ms)
			TypeCache.Refresh (244ms)
				TypeCache.ScanAssembly (172ms)
			BuildScriptInfoCaches (68ms)
			ResolveRequiredComponents (11ms)
	FinalizeReload (1462ms)
		ReleaseScriptCaches (0ms)
		RebuildScriptCaches (0ms)
		SetupLoadedEditorAssemblies (783ms)
			LogAssemblyErrors (0ms)
			InitializePlatformSupportModulesInManaged (5ms)
			SetLoadedEditorAssemblies (4ms)
			BeforeProcessingInitializeOnLoad (95ms)
			ProcessInitializeOnLoadAttributes (543ms)
			ProcessInitializeOnLoadMethodAttributes (126ms)
			AfterProcessingInitializeOnLoad (10ms)
			EditorAssembliesLoaded (0ms)
		ExecutionOrderSort2 (0ms)
		AwakeInstancesAfterBackupRestoration (7ms)
Launched and connected shader compiler UnityShaderCompiler.exe after 0.01 seconds
Refreshing native plugins compatible for Editor in 1.80 ms, found 3 plugins.
Preloading 0 native plugins for Editor in 0.00 ms.
Unloading 204 Unused Serialized files (Serialized files now loaded: 0)
Unloading 5958 unused Assets / (5.1 MB). Loaded Objects now: 6683.
Memory consumption went from 181.3 MB to 176.2 MB.
Total: 19.184900 ms (FindLiveObjects: 1.271800 ms CreateObjectMapping: 2.108400 ms MarkObjects: 10.181100 ms  DeleteObjects: 5.621000 ms)

========================================================================
Received Import Request.
  Time since last request: 428133.372230 seconds.
  path: Assets/UI/FoodAndIngridients/glass.png
  artifactKey: Guid(456d859fcdedbf844967c451a77ba81e) Importer(815301076,1909f56bfc062723c751e8b465ee728b)
Start importing Assets/UI/FoodAndIngridients/glass.png using Guid(456d859fcdedbf844967c451a77ba81e) Importer(815301076,1909f56bfc062723c751e8b465ee728b) (PreviewImporter) -> (artifact id: '44053223907a8a95a7c6dc10ed8483dc') in 0.1071623 seconds
Number of updated asset objects reloaded before import = 0Number of asset objects unloaded after import = 3

========================================================================
Received Import Request.
  Time since last request: 0.000024 seconds.
  path: Assets/UI/FoodAndIngridients/sugar.png
  artifactKey: Guid(97d1f8a7e2ca71d47aae94e1f481c7fa) Importer(815301076,1909f56bfc062723c751e8b465ee728b)
Start importing Assets/UI/FoodAndIngridients/sugar.png using Guid(97d1f8a7e2ca71d47aae94e1f481c7fa) Importer(815301076,1909f56bfc062723c751e8b465ee728b) (PreviewImporter) -> (artifact id: '323dd18cfcb3bff6254bc38d380dd43c') in 0.0203105 seconds
Number of updated asset objects reloaded before import = 0Number of asset objects unloaded after import = 3

========================================================================
Received Import Request.
  Time since last request: 0.000017 seconds.
  path: Assets/UI/FoodAndIngridients/Spritebread.png
  artifactKey: Guid(727507efa82710c4da50bd29822e9fae) Importer(815301076,1909f56bfc062723c751e8b465ee728b)
Start importing Assets/UI/FoodAndIngridients/Spritebread.png using Guid(727507efa82710c4da50bd29822e9fae) Importer(815301076,1909f56bfc062723c751e8b465ee728b) (PreviewImporter) -> (artifact id: '9e2339cbcae5458d3abbdd7d4ca2fd0c') in 0.0234852 seconds
Number of updated asset objects reloaded before import = 0Number of asset objects unloaded after import = 3

========================================================================
Received Import Request.
  Time since last request: 0.000034 seconds.
  path: Assets/UI/FoodAndIngridients/painecudulceatadezmeura.png
  artifactKey: Guid(e84fe07efd54c69439a03ab880644e69) Importer(815301076,1909f56bfc062723c751e8b465ee728b)
Start importing Assets/UI/FoodAndIngridients/painecudulceatadezmeura.png using Guid(e84fe07efd54c69439a03ab880644e69) Importer(815301076,1909f56bfc062723c751e8b465ee728b) (PreviewImporter) -> (artifact id: '9cd345b5f2554dd363e5aa01e7f9163b') in 0.0207385 seconds
Number of updated asset objects reloaded before import = 0Number of asset objects unloaded after import = 3

========================================================================
Received Prepare
Refreshing native plugins compatible for Editor in 1.55 ms, found 3 plugins.
Preloading 0 native plugins for Editor in 0.00 ms.
Unloading 36 Unused Serialized files (Serialized files now loaded: 0)
Unloading 5949 unused Assets / (8.1 MB). Loaded Objects now: 6691.
Memory consumption went from 153.4 MB to 145.3 MB.
Total: 14.259500 ms (FindLiveObjects: 1.245000 ms CreateObjectMapping: 1.165100 ms MarkObjects: 6.488300 ms  DeleteObjects: 5.359800 ms)

Prepare: number of updated asset objects reloaded= 0
========================================================================
Received Prepare
Begin MonoManager ReloadAssembly
- Loaded All Assemblies, in  0.831 seconds
Refreshing native plugins compatible for Editor in 1.06 ms, found 3 plugins.
Missing types referenced from component UniversalRenderPipelineGlobalSettings on game object UniversalRenderPipelineGlobalSettings:
	UnityEngine.Rendering.Universal.UniversalRenderPipelineEditorAssets, Unity.RenderPipelines.Universal.Runtime (1 object)
Native extension for WindowsStandalone target not found
Native extension for WebGL target not found
Mono: successfully reloaded assembly
- Finished resetting the current domain, in  0.906 seconds
Domain Reload Profiling: 1734ms
	BeginReloadAssembly (237ms)
		ExecutionOrderSort (0ms)
		DisableScriptedObjects (6ms)
		BackupInstance (0ms)
		ReleaseScriptingObjects (0ms)
		CreateAndSetChildDomain (67ms)
	RebuildCommonClasses (42ms)
	RebuildNativeTypeToScriptingClass (17ms)
	initialDomainReloadingComplete (41ms)
	LoadAllAssembliesAndSetupDomain (491ms)
		LoadAssemblies (411ms)
		RebuildTransferFunctionScriptingTraits (0ms)
		AnalyzeDomain (196ms)
			TypeCache.Refresh (10ms)
				TypeCache.ScanAssembly (1ms)
			BuildScriptInfoCaches (171ms)
			ResolveRequiredComponents (11ms)
	FinalizeReload (907ms)
		ReleaseScriptCaches (0ms)
		RebuildScriptCaches (0ms)
		SetupLoadedEditorAssemblies (561ms)
			LogAssemblyErrors (0ms)
			InitializePlatformSupportModulesInManaged (3ms)
			SetLoadedEditorAssemblies (4ms)
			BeforeProcessingInitializeOnLoad (73ms)
			ProcessInitializeOnLoadAttributes (412ms)
			ProcessInitializeOnLoadMethodAttributes (60ms)
			AfterProcessingInitializeOnLoad (8ms)
			EditorAssembliesLoaded (0ms)
		ExecutionOrderSort2 (0ms)
		AwakeInstancesAfterBackupRestoration (10ms)
Refreshing native plugins compatible for Editor in 1.04 ms, found 3 plugins.
Preloading 0 native plugins for Editor in 0.00 ms.
Unloading 46 Unused Serialized files (Serialized files now loaded: 0)
Unloading 5955 unused Assets / (6.9 MB). Loaded Objects now: 6706.
Memory consumption went from 169.2 MB to 162.2 MB.
Total: 10.740400 ms (FindLiveObjects: 0.650700 ms CreateObjectMapping: 0.766400 ms MarkObjects: 5.649000 ms  DeleteObjects: 3.673300 ms)

Prepare: number of updated asset objects reloaded= 0
========================================================================
Received Import Request.
  Time since last request: 237.560349 seconds.
  path: Assets/UI/Emotions
  artifactKey: Guid(fc523fbff567ff647b0cb97a5544ec80) Importer(815301076,1909f56bfc062723c751e8b465ee728b)
Start importing Assets/UI/Emotions using Guid(fc523fbff567ff647b0cb97a5544ec80) Importer(815301076,1909f56bfc062723c751e8b465ee728b) (PreviewImporter) -> (artifact id: 'ff4f06491d71adf62964a112217a3881') in 0.0067173 seconds
Number of updated asset objects reloaded before import = 0Number of asset objects unloaded after import = 0

========================================================================
Received Import Request.
  Time since last request: 32.188892 seconds.
  path: Assets/UI/Emotions/dialog_box.png
  artifactKey: Guid(93761399e6f00ff45bb968c78c7c3e2b) Importer(815301076,1909f56bfc062723c751e8b465ee728b)
Start importing Assets/UI/Emotions/dialog_box.png using Guid(93761399e6f00ff45bb968c78c7c3e2b) Importer(815301076,1909f56bfc062723c751e8b465ee728b) (PreviewImporter) -> (artifact id: 'f57e5b99bddd1d5dcdb303603b4bba49') in 0.0767031 seconds
Number of updated asset objects reloaded before import = 0Number of asset objects unloaded after import = 3

========================================================================
Received Prepare
Begin MonoManager ReloadAssembly
- Loaded All Assemblies, in  0.717 seconds
Refreshing native plugins compatible for Editor in 1.29 ms, found 3 plugins.
Missing types referenced from component UniversalRenderPipelineGlobalSettings on game object UniversalRenderPipelineGlobalSettings:
	UnityEngine.Rendering.Universal.UniversalRenderPipelineEditorAssets, Unity.RenderPipelines.Universal.Runtime (1 object)
Native extension for WindowsStandalone target not found
Native extension for WebGL target not found
Mono: successfully reloaded assembly
- Finished resetting the current domain, in  0.847 seconds
Domain Reload Profiling: 1564ms
	BeginReloadAssembly (197ms)
		ExecutionOrderSort (0ms)
		DisableScriptedObjects (7ms)
		BackupInstance (0ms)
		ReleaseScriptingObjects (0ms)
		CreateAndSetChildDomain (53ms)
	RebuildCommonClasses (35ms)
	RebuildNativeTypeToScriptingClass (11ms)
	initialDomainReloadingComplete (28ms)
	LoadAllAssembliesAndSetupDomain (446ms)
		LoadAssemblies (344ms)
		RebuildTransferFunctionScriptingTraits (0ms)
		AnalyzeDomain (198ms)
			TypeCache.Refresh (9ms)
				TypeCache.ScanAssembly (0ms)
			BuildScriptInfoCaches (175ms)
			ResolveRequiredComponents (11ms)
	FinalizeReload (847ms)
		ReleaseScriptCaches (0ms)
		RebuildScriptCaches (0ms)
		SetupLoadedEditorAssemblies (536ms)
			LogAssemblyErrors (0ms)
			InitializePlatformSupportModulesInManaged (3ms)
			SetLoadedEditorAssemblies (4ms)
			BeforeProcessingInitializeOnLoad (64ms)
			ProcessInitializeOnLoadAttributes (399ms)
			ProcessInitializeOnLoadMethodAttributes (59ms)
			AfterProcessingInitializeOnLoad (8ms)
			EditorAssembliesLoaded (0ms)
		ExecutionOrderSort2 (0ms)
		AwakeInstancesAfterBackupRestoration (10ms)
Refreshing native plugins compatible for Editor in 1.30 ms, found 3 plugins.
Preloading 0 native plugins for Editor in 0.00 ms.
Unloading 35 Unused Serialized files (Serialized files now loaded: 0)
Unloading 5955 unused Assets / (6.7 MB). Loaded Objects now: 6711.
Memory consumption went from 167.2 MB to 160.5 MB.
Total: 12.398000 ms (FindLiveObjects: 1.165200 ms CreateObjectMapping: 0.947400 ms MarkObjects: 6.278900 ms  DeleteObjects: 4.005000 ms)

Prepare: number of updated asset objects reloaded= 0
========================================================================
Received Import Request.
  Time since last request: 312.110952 seconds.
  path: Assets/UI/Emotions/Sprout Lands - UI Pack - Basic pack
  artifactKey: Guid(eb7feb72eda9e0d42829645714c33c77) Importer(815301076,1909f56bfc062723c751e8b465ee728b)
Start importing Assets/UI/Emotions/Sprout Lands - UI Pack - Basic pack using Guid(eb7feb72eda9e0d42829645714c33c77) Importer(815301076,1909f56bfc062723c751e8b465ee728b) (PreviewImporter) -> (artifact id: '99d53b11c50e6115dd23deb1b817f53f') in 0.0036108 seconds
Number of updated asset objects reloaded before import = 0Number of asset objects unloaded after import = 0

========================================================================
Received Import Request.
  Time since last request: 1.426122 seconds.
  path: Assets/UI/Emotions/Sprout Lands - UI Pack - Basic pack/Sprite sheets
  artifactKey: Guid(743bfe613dd0db6449396f12d3e58b2a) Importer(815301076,1909f56bfc062723c751e8b465ee728b)
Start importing Assets/UI/Emotions/Sprout Lands - UI Pack - Basic pack/Sprite sheets using Guid(743bfe613dd0db6449396f12d3e58b2a) Importer(815301076,1909f56bfc062723c751e8b465ee728b) (PreviewImporter) -> (artifact id: '978fdda1114b13e9b56dffbb1c8d7119') in 0.00081 seconds
Number of updated asset objects reloaded before import = 0Number of asset objects unloaded after import = 0

========================================================================
Received Import Request.
  Time since last request: 0.067940 seconds.
  path: Assets/UI/Emotions/Sprout Lands - UI Pack - Basic pack/Sprite sheets/Setting menu.png
  artifactKey: Guid(08a819fda295ddb40af46eb0f2329588) Importer(815301076,1909f56bfc062723c751e8b465ee728b)
Start importing Assets/UI/Emotions/Sprout Lands - UI Pack - Basic pack/Sprite sheets/Setting menu.png using Guid(08a819fda295ddb40af46eb0f2329588) Importer(815301076,1909f56bfc062723c751e8b465ee728b) (PreviewImporter) -> (artifact id: '03259cad5f1bdd7b23d79e60f83a8fda') in 0.0938908 seconds
Number of updated asset objects reloaded before import = 0Number of asset objects unloaded after import = 4

========================================================================
Received Import Request.
  Time since last request: 0.000021 seconds.
  path: Assets/UI/Emotions/Sprout Lands - UI Pack - Basic pack/Sprite sheets/UI Big Play Button.png
  artifactKey: Guid(766f4fdf484ef3142801c6db92730d4e) Importer(815301076,1909f56bfc062723c751e8b465ee728b)
Start importing Assets/UI/Emotions/Sprout Lands - UI Pack - Basic pack/Sprite sheets/UI Big Play Button.png using Guid(766f4fdf484ef3142801c6db92730d4e) Importer(815301076,1909f56bfc062723c751e8b465ee728b) (PreviewImporter) -> (artifact id: '04c8423862984e0551d63ff1eaa6c798') in 0.0246882 seconds
Number of updated asset objects reloaded before import = 0Number of asset objects unloaded after import = 6

========================================================================
Received Import Request.
  Time since last request: 0.000020 seconds.
  path: Assets/UI/Emotions/Sprout Lands - UI Pack - Basic pack/Sprite sheets/UI Settings Buttons.png
  artifactKey: Guid(230569420b83e434fa2dec2e3f5e4858) Importer(815301076,1909f56bfc062723c751e8b465ee728b)
Start importing Assets/UI/Emotions/Sprout Lands - UI Pack - Basic pack/Sprite sheets/UI Settings Buttons.png using Guid(230569420b83e434fa2dec2e3f5e4858) Importer(815301076,1909f56bfc062723c751e8b465ee728b) (PreviewImporter) -> (artifact id: '3c7be95419eaf2cdadbdb7373afcd9f8') in 0.1321898 seconds
Number of updated asset objects reloaded before import = 0Number of asset objects unloaded after import = 53

========================================================================
Received Import Request.
  Time since last request: 1.711096 seconds.
  path: Assets/UI/Emotions/Sprout Lands - UI Pack - Basic pack/Sprite sheets/Mouse sprites
  artifactKey: Guid(53cf5ed2b22dca54b867d80d018c3eef) Importer(815301076,1909f56bfc062723c751e8b465ee728b)
Start importing Assets/UI/Emotions/Sprout Lands - UI Pack - Basic pack/Sprite sheets/Mouse sprites using Guid(53cf5ed2b22dca54b867d80d018c3eef) Importer(815301076,1909f56bfc062723c751e8b465ee728b) (PreviewImporter) -> (artifact id: '05c88af57e1de71a8ec0152fa2de05cc') in 0.0006498 seconds
Number of updated asset objects reloaded before import = 0Number of asset objects unloaded after import = 0

========================================================================
Received Import Request.
  Time since last request: 0.046000 seconds.
  path: Assets/UI/Emotions/Sprout Lands - UI Pack - Basic pack/Sprite sheets/Mouse sprites/Catpaw holding Mouse icon.png
  artifactKey: Guid(6785d0b27e92b384b953bc011892bfbd) Importer(815301076,1909f56bfc062723c751e8b465ee728b)
Start importing Assets/UI/Emotions/Sprout Lands - UI Pack - Basic pack/Sprite sheets/Mouse sprites/Catpaw holding Mouse icon.png using Guid(6785d0b27e92b384b953bc011892bfbd) Importer(815301076,1909f56bfc062723c751e8b465ee728b) (PreviewImporter) -> (artifact id: '84f7cba466e17cf2a3946ae79090c882') in 0.0223486 seconds
Number of updated asset objects reloaded before import = 0Number of asset objects unloaded after import = 3

========================================================================
Received Import Request.
  Time since last request: 0.000023 seconds.
  path: Assets/UI/Emotions/Sprout Lands - UI Pack - Basic pack/Sprite sheets/Mouse sprites/Catpaw pointing Mouse icon.png
  artifactKey: Guid(cf4abcf01ad9cb346817eb2722a63fb4) Importer(815301076,1909f56bfc062723c751e8b465ee728b)
Start importing Assets/UI/Emotions/Sprout Lands - UI Pack - Basic pack/Sprite sheets/Mouse sprites/Catpaw pointing Mouse icon.png using Guid(cf4abcf01ad9cb346817eb2722a63fb4) Importer(815301076,1909f56bfc062723c751e8b465ee728b) (PreviewImporter) -> (artifact id: '316240dc71a59febf75806bd0ae7fd40') in 0.0201739 seconds
Number of updated asset objects reloaded before import = 0Number of asset objects unloaded after import = 3

========================================================================
Received Import Request.
  Time since last request: 0.000058 seconds.
  path: Assets/UI/Emotions/Sprout Lands - UI Pack - Basic pack/Sprite sheets/Mouse sprites/Triangle Mouse icon 1.png
  artifactKey: Guid(b64d235337bc05c4f99c4d675560af7c) Importer(815301076,1909f56bfc062723c751e8b465ee728b)
Start importing Assets/UI/Emotions/Sprout Lands - UI Pack - Basic pack/Sprite sheets/Mouse sprites/Triangle Mouse icon 1.png using Guid(b64d235337bc05c4f99c4d675560af7c) Importer(815301076,1909f56bfc062723c751e8b465ee728b) (PreviewImporter) -> (artifact id: 'f3e97e920e923f6b62fbc189db54f112') in 0.0229301 seconds
Number of updated asset objects reloaded before import = 0Number of asset objects unloaded after import = 3

========================================================================
Received Import Request.
  Time since last request: 4.677467 seconds.
  path: Assets/UI/Emotions/Sprout Lands - UI Pack - Basic pack/Sprite sheets/Icons
  artifactKey: Guid(e4e1db5f9120de64c89e86b285229d38) Importer(815301076,1909f56bfc062723c751e8b465ee728b)
Start importing Assets/UI/Emotions/Sprout Lands - UI Pack - Basic pack/Sprite sheets/Icons using Guid(e4e1db5f9120de64c89e86b285229d38) Importer(815301076,1909f56bfc062723c751e8b465ee728b) (PreviewImporter) -> (artifact id: 'cb0db71d4730ff52d2ab912bcc36af46') in 0.0007247 seconds
Number of updated asset objects reloaded before import = 0Number of asset objects unloaded after import = 0

========================================================================
Received Import Request.
  Time since last request: 0.043436 seconds.
  path: Assets/UI/Emotions/Sprout Lands - UI Pack - Basic pack/Sprite sheets/Icons/All Icons.png
  artifactKey: Guid(bb909d30b64858344b50dba1472f3c31) Importer(815301076,1909f56bfc062723c751e8b465ee728b)
Start importing Assets/UI/Emotions/Sprout Lands - UI Pack - Basic pack/Sprite sheets/Icons/All Icons.png using Guid(bb909d30b64858344b50dba1472f3c31) Importer(815301076,1909f56bfc062723c751e8b465ee728b) (PreviewImporter) -> (artifact id: '4de7c3836b4b2be23b47391efea2ba0b') in 0.2301494 seconds
Number of updated asset objects reloaded before import = 0Number of asset objects unloaded after import = 62

========================================================================
Received Import Request.
  Time since last request: 3.732013 seconds.
  path: Assets/UI/Emotions/Sprout Lands - UI Pack - Basic pack/Sprite sheets/Dialouge UI
  artifactKey: Guid(c97b9814d6bc26f429f44dde26876188) Importer(815301076,1909f56bfc062723c751e8b465ee728b)
Start importing Assets/UI/Emotions/Sprout Lands - UI Pack - Basic pack/Sprite sheets/Dialouge UI using Guid(c97b9814d6bc26f429f44dde26876188) Importer(815301076,1909f56bfc062723c751e8b465ee728b) (PreviewImporter) -> (artifact id: 'eb65e4cb0228e21730c78c394ceb0c22') in 0.0006101 seconds
Number of updated asset objects reloaded before import = 0Number of asset objects unloaded after import = 0

========================================================================
Received Import Request.
  Time since last request: 0.055157 seconds.
  path: Assets/UI/Emotions/Sprout Lands - UI Pack - Basic pack/Sprite sheets/Dialouge UI/dialog box.png
  artifactKey: Guid(9f6add01ad7749e4286218ed8e5c750f) Importer(815301076,1909f56bfc062723c751e8b465ee728b)
Start importing Assets/UI/Emotions/Sprout Lands - UI Pack - Basic pack/Sprite sheets/Dialouge UI/dialog box.png using Guid(9f6add01ad7749e4286218ed8e5c750f) Importer(815301076,1909f56bfc062723c751e8b465ee728b) (PreviewImporter) -> (artifact id: '331ee6ca637f0d9b8d00616b386874d2') in 0.0257693 seconds
Number of updated asset objects reloaded before import = 0Number of asset objects unloaded after import = 3

========================================================================
Received Import Request.
  Time since last request: 0.000025 seconds.
  path: Assets/UI/Emotions/Sprout Lands - UI Pack - Basic pack/Sprite sheets/Dialouge UI/dialog box small.png
  artifactKey: Guid(a0946e6f5f0252c4d845a7b0da561c84) Importer(815301076,1909f56bfc062723c751e8b465ee728b)
Start importing Assets/UI/Emotions/Sprout Lands - UI Pack - Basic pack/Sprite sheets/Dialouge UI/dialog box small.png using Guid(a0946e6f5f0252c4d845a7b0da561c84) Importer(815301076,1909f56bfc062723c751e8b465ee728b) (PreviewImporter) -> (artifact id: 'f072a04d19ab1ca3baba4832ff7abdb0') in 0.0230412 seconds
Number of updated asset objects reloaded before import = 0Number of asset objects unloaded after import = 3

========================================================================
Received Import Request.
  Time since last request: 0.000019 seconds.
  path: Assets/UI/Emotions/Sprout Lands - UI Pack - Basic pack/Sprite sheets/Dialouge UI/Premade dialog box medium.png
  artifactKey: Guid(e059c873836a8704eb38201244d98c71) Importer(815301076,1909f56bfc062723c751e8b465ee728b)
Start importing Assets/UI/Emotions/Sprout Lands - UI Pack - Basic pack/Sprite sheets/Dialouge UI/Premade dialog box medium.png using Guid(e059c873836a8704eb38201244d98c71) Importer(815301076,1909f56bfc062723c751e8b465ee728b) (PreviewImporter) -> (artifact id: 'dd122a4790f28748ebef107af21156d7') in 0.0276511 seconds
Number of updated asset objects reloaded before import = 0Number of asset objects unloaded after import = 3

========================================================================
Received Import Request.
  Time since last request: 0.000026 seconds.
  path: Assets/UI/Emotions/Sprout Lands - UI Pack - Basic pack/Sprite sheets/Dialouge UI/dialog box medium.png
  artifactKey: Guid(2a4853bd1962cd844819e6d415bf66c5) Importer(815301076,1909f56bfc062723c751e8b465ee728b)
Start importing Assets/UI/Emotions/Sprout Lands - UI Pack - Basic pack/Sprite sheets/Dialouge UI/dialog box medium.png using Guid(2a4853bd1962cd844819e6d415bf66c5) Importer(815301076,1909f56bfc062723c751e8b465ee728b) (PreviewImporter) -> (artifact id: '9429ba4d81f50343edf59ec7a33c282a') in 0.0235826 seconds
Number of updated asset objects reloaded before import = 0Number of asset objects unloaded after import = 3

========================================================================
Received Import Request.
  Time since last request: 5.751585 seconds.
  path: Assets/UI/Emotions/Sprout Lands - UI Pack - Basic pack/emojis-free
  artifactKey: Guid(1638cacec4b8b6749b21f6f71b127878) Importer(815301076,1909f56bfc062723c751e8b465ee728b)
Start importing Assets/UI/Emotions/Sprout Lands - UI Pack - Basic pack/emojis-free using Guid(1638cacec4b8b6749b21f6f71b127878) Importer(815301076,1909f56bfc062723c751e8b465ee728b) (PreviewImporter) -> (artifact id: '9d97fd941a3100741dfaa6d49e197c3c') in 0.0006571 seconds
Number of updated asset objects reloaded before import = 0Number of asset objects unloaded after import = 0

========================================================================
Received Import Request.
  Time since last request: 0.056055 seconds.
  path: Assets/UI/Emotions/Sprout Lands - UI Pack - Basic pack/emojis-free/Emoji_Spritesheet_Free.png
  artifactKey: Guid(8edc4bb4fd3cca14b8073a64efe0cb21) Importer(815301076,1909f56bfc062723c751e8b465ee728b)
Start importing Assets/UI/Emotions/Sprout Lands - UI Pack - Basic pack/emojis-free/Emoji_Spritesheet_Free.png using Guid(8edc4bb4fd3cca14b8073a64efe0cb21) Importer(815301076,1909f56bfc062723c751e8b465ee728b) (PreviewImporter) -> (artifact id: 'f7cba869b5be330230156e583995c799') in 0.3133514 seconds
Number of updated asset objects reloaded before import = 0Number of asset objects unloaded after import = 90

========================================================================
Received Import Request.
  Time since last request: 0.943140 seconds.
  path: Assets/UI/Emotions/Sprout Lands - UI Pack - Basic pack/emojis-free/emoji style ui
  artifactKey: Guid(a42f1b09c0718ee40822b52b23436af4) Importer(815301076,1909f56bfc062723c751e8b465ee728b)
Start importing Assets/UI/Emotions/Sprout Lands - UI Pack - Basic pack/emojis-free/emoji style ui using Guid(a42f1b09c0718ee40822b52b23436af4) Importer(815301076,1909f56bfc062723c751e8b465ee728b) (PreviewImporter) -> (artifact id: 'b26ccb3f0e8866ea1c2a47b9d6e209b9') in 0.0005938 seconds
Number of updated asset objects reloaded before import = 0Number of asset objects unloaded after import = 0

========================================================================
Received Import Request.
  Time since last request: 0.033121 seconds.
  path: Assets/UI/Emotions/Sprout Lands - UI Pack - Basic pack/emojis-free/emoji style ui/Inventory_Blocks_Spritesheet.png
  artifactKey: Guid(4d35cd60245855b43b1263d38e24bdc7) Importer(815301076,1909f56bfc062723c751e8b465ee728b)
Start importing Assets/UI/Emotions/Sprout Lands - UI Pack - Basic pack/emojis-free/emoji style ui/Inventory_Blocks_Spritesheet.png using Guid(4d35cd60245855b43b1263d38e24bdc7) Importer(815301076,1909f56bfc062723c751e8b465ee728b) (PreviewImporter) -> (artifact id: '6976fb8d05a62ecf1a9ade18d4711041') in 0.0509647 seconds
Number of updated asset objects reloaded before import = 0Number of asset objects unloaded after import = 11

========================================================================
Received Import Request.
  Time since last request: 0.000034 seconds.
  path: Assets/UI/Emotions/Sprout Lands - UI Pack - Basic pack/emojis-free/emoji style ui/inventory_Light_example.png
  artifactKey: Guid(6a2cce7765f1e804e841cef0dfc4b954) Importer(815301076,1909f56bfc062723c751e8b465ee728b)
Start importing Assets/UI/Emotions/Sprout Lands - UI Pack - Basic pack/emojis-free/emoji style ui/inventory_Light_example.png using Guid(6a2cce7765f1e804e841cef0dfc4b954) Importer(815301076,1909f56bfc062723c751e8b465ee728b) (PreviewImporter) -> (artifact id: 'b91a8b56ef30b84c2a4dd512cd54e838') in 0.0253385 seconds
Number of updated asset objects reloaded before import = 0Number of asset objects unloaded after import = 3

========================================================================
Received Import Request.
  Time since last request: 0.000040 seconds.
  path: Assets/UI/Emotions/Sprout Lands - UI Pack - Basic pack/emojis-free/emoji style ui/Inventory_Spritesheet.png
  artifactKey: Guid(f0a854398af3def49b5be7c684a4bb32) Importer(815301076,1909f56bfc062723c751e8b465ee728b)
Start importing Assets/UI/Emotions/Sprout Lands - UI Pack - Basic pack/emojis-free/emoji style ui/Inventory_Spritesheet.png using Guid(f0a854398af3def49b5be7c684a4bb32) Importer(815301076,1909f56bfc062723c751e8b465ee728b) (PreviewImporter) -> (artifact id: 'c9f52a4afe4c67eb79c62db6aab7d9f3') in 0.1516315 seconds
Number of updated asset objects reloaded before import = 0Number of asset objects unloaded after import = 59

========================================================================
Received Import Request.
  Time since last request: 0.814832 seconds.
  path: Assets/UI/Emotions/Sprout Lands - UI Pack - Basic pack/emojis-free/emoji style ui/weather
  artifactKey: Guid(4849f2283cb64d94ea44e8b81625fde9) Importer(815301076,1909f56bfc062723c751e8b465ee728b)
Start importing Assets/UI/Emotions/Sprout Lands - UI Pack - Basic pack/emojis-free/emoji style ui/weather using Guid(4849f2283cb64d94ea44e8b81625fde9) Importer(815301076,1909f56bfc062723c751e8b465ee728b) (PreviewImporter) -> (artifact id: '432faaa6ff056047e82f4c6fb73db9c7') in 0.0009312 seconds
Number of updated asset objects reloaded before import = 0Number of asset objects unloaded after import = 0

========================================================================
Received Import Request.
  Time since last request: 0.077449 seconds.
  path: Assets/UI/Emotions/Sprout Lands - UI Pack - Basic pack/emojis-free/emoji style ui/weather/Weather_Icons_smal_freel.png
  artifactKey: Guid(e41fd4826261a9f49a1b231961ec895c) Importer(815301076,1909f56bfc062723c751e8b465ee728b)
Start importing Assets/UI/Emotions/Sprout Lands - UI Pack - Basic pack/emojis-free/emoji style ui/weather/Weather_Icons_smal_freel.png using Guid(e41fd4826261a9f49a1b231961ec895c) Importer(815301076,1909f56bfc062723c751e8b465ee728b) (PreviewImporter) -> (artifact id: 'cef1a075a9f686883dcf771509cb7e75') in 0.0341971 seconds
Number of updated asset objects reloaded before import = 0Number of asset objects unloaded after import = 8

========================================================================
Received Prepare
Begin MonoManager ReloadAssembly
- Loaded All Assemblies, in  1.028 seconds
Refreshing native plugins compatible for Editor in 1.01 ms, found 3 plugins.
Missing types referenced from component UniversalRenderPipelineGlobalSettings on game object UniversalRenderPipelineGlobalSettings:
	UnityEngine.Rendering.Universal.UniversalRenderPipelineEditorAssets, Unity.RenderPipelines.Universal.Runtime (1 object)
Native extension for WindowsStandalone target not found
Native extension for WebGL target not found
Mono: successfully reloaded assembly
- Finished resetting the current domain, in  1.143 seconds
Domain Reload Profiling: 2172ms
	BeginReloadAssembly (266ms)
		ExecutionOrderSort (0ms)
		DisableScriptedObjects (8ms)
		BackupInstance (0ms)
		ReleaseScriptingObjects (0ms)
		CreateAndSetChildDomain (76ms)
	RebuildCommonClasses (49ms)
	RebuildNativeTypeToScriptingClass (13ms)
	initialDomainReloadingComplete (35ms)
	LoadAllAssembliesAndSetupDomain (664ms)
		LoadAssemblies (508ms)
		RebuildTransferFunctionScriptingTraits (0ms)
		AnalyzeDomain (286ms)
			TypeCache.Refresh (17ms)
				TypeCache.ScanAssembly (4ms)
			BuildScriptInfoCaches (252ms)
			ResolveRequiredComponents (14ms)
	FinalizeReload (1144ms)
		ReleaseScriptCaches (0ms)
		RebuildScriptCaches (0ms)
		SetupLoadedEditorAssemblies (779ms)
			LogAssemblyErrors (0ms)
			InitializePlatformSupportModulesInManaged (4ms)
			SetLoadedEditorAssemblies (7ms)
			BeforeProcessingInitializeOnLoad (93ms)
			ProcessInitializeOnLoadAttributes (588ms)
			ProcessInitializeOnLoadMethodAttributes (75ms)
			AfterProcessingInitializeOnLoad (10ms)
			EditorAssembliesLoaded (0ms)
		ExecutionOrderSort2 (0ms)
		AwakeInstancesAfterBackupRestoration (11ms)
Refreshing native plugins compatible for Editor in 1.62 ms, found 3 plugins.
Preloading 0 native plugins for Editor in 0.00 ms.
Unloading 35 Unused Serialized files (Serialized files now loaded: 0)
Unloading 5994 unused Assets / (7.3 MB). Loaded Objects now: 6933.
Memory consumption went from 167.8 MB to 160.5 MB.
Total: 16.391700 ms (FindLiveObjects: 0.884000 ms CreateObjectMapping: 1.156700 ms MarkObjects: 7.585100 ms  DeleteObjects: 6.764400 ms)

Prepare: number of updated asset objects reloaded= 0
========================================================================
Received Import Request.
  Time since last request: 335.797321 seconds.
  path: Assets/Scripts/AI/Behaviour/ClientEmotions.cs
  artifactKey: Guid(9da2b31cd34e66a46a0130879ec5110c) Importer(815301076,1909f56bfc062723c751e8b465ee728b)
Start importing Assets/Scripts/AI/Behaviour/ClientEmotions.cs using Guid(9da2b31cd34e66a46a0130879ec5110c) Importer(815301076,1909f56bfc062723c751e8b465ee728b) (PreviewImporter) -> (artifact id: '5b48e9c2ac85228e354901d02a2113fd') in 0.0042956 seconds
Number of updated asset objects reloaded before import = 0Number of asset objects unloaded after import = 0

========================================================================
Received Prepare
Refreshing native plugins compatible for Editor in 2.02 ms, found 3 plugins.
Preloading 0 native plugins for Editor in 0.00 ms.
Unloading 35 Unused Serialized files (Serialized files now loaded: 0)
Unloading 5987 unused Assets / (7.5 MB). Loaded Objects now: 6933.
Memory consumption went from 168.0 MB to 160.5 MB.
Total: 27.064900 ms (FindLiveObjects: 1.614400 ms CreateObjectMapping: 1.965600 ms MarkObjects: 14.510200 ms  DeleteObjects: 8.972200 ms)

Prepare: number of updated asset objects reloaded= 0
========================================================================
Received Prepare
Begin MonoManager ReloadAssembly
- Loaded All Assemblies, in  0.872 seconds
Refreshing native plugins compatible for Editor in 1.06 ms, found 3 plugins.
Missing types referenced from component UniversalRenderPipelineGlobalSettings on game object UniversalRenderPipelineGlobalSettings:
	UnityEngine.Rendering.Universal.UniversalRenderPipelineEditorAssets, Unity.RenderPipelines.Universal.Runtime (1 object)
Native extension for WindowsStandalone target not found
Native extension for WebGL target not found
Mono: successfully reloaded assembly
- Finished resetting the current domain, in  1.054 seconds
Domain Reload Profiling: 1926ms
	BeginReloadAssembly (250ms)
		ExecutionOrderSort (0ms)
		DisableScriptedObjects (7ms)
		BackupInstance (0ms)
		ReleaseScriptingObjects (0ms)
		CreateAndSetChildDomain (61ms)
	RebuildCommonClasses (53ms)
	RebuildNativeTypeToScriptingClass (16ms)
	initialDomainReloadingComplete (33ms)
	LoadAllAssembliesAndSetupDomain (519ms)
		LoadAssemblies (435ms)
		RebuildTransferFunctionScriptingTraits (0ms)
		AnalyzeDomain (216ms)
			TypeCache.Refresh (9ms)
				TypeCache.ScanAssembly (1ms)
			BuildScriptInfoCaches (189ms)
			ResolveRequiredComponents (13ms)
	FinalizeReload (1055ms)
		ReleaseScriptCaches (0ms)
		RebuildScriptCaches (0ms)
		SetupLoadedEditorAssemblies (673ms)
			LogAssemblyErrors (0ms)
			InitializePlatformSupportModulesInManaged (4ms)
			SetLoadedEditorAssemblies (6ms)
			BeforeProcessingInitializeOnLoad (98ms)
			ProcessInitializeOnLoadAttributes (493ms)
			ProcessInitializeOnLoadMethodAttributes (60ms)
			AfterProcessingInitializeOnLoad (12ms)
			EditorAssembliesLoaded (0ms)
		ExecutionOrderSort2 (0ms)
		AwakeInstancesAfterBackupRestoration (14ms)
Refreshing native plugins compatible for Editor in 2.03 ms, found 3 plugins.
Preloading 0 native plugins for Editor in 0.00 ms.
Unloading 35 Unused Serialized files (Serialized files now loaded: 0)
Unloading 5994 unused Assets / (7.2 MB). Loaded Objects now: 6935.
Memory consumption went from 167.8 MB to 160.6 MB.
Total: 19.456400 ms (FindLiveObjects: 1.323900 ms CreateObjectMapping: 1.655200 ms MarkObjects: 9.774800 ms  DeleteObjects: 6.700300 ms)

Prepare: number of updated asset objects reloaded= 0
========================================================================
Received Prepare
Refreshing native plugins compatible for Editor in 1.63 ms, found 3 plugins.
Preloading 0 native plugins for Editor in 0.00 ms.
Unloading 35 Unused Serialized files (Serialized files now loaded: 0)
Unloading 5987 unused Assets / (7.1 MB). Loaded Objects now: 6935.
Memory consumption went from 168.0 MB to 160.9 MB.
Total: 19.235900 ms (FindLiveObjects: 1.278700 ms CreateObjectMapping: 1.539300 ms MarkObjects: 10.274900 ms  DeleteObjects: 6.141200 ms)

Prepare: number of updated asset objects reloaded= 0
========================================================================
Received Prepare
Begin MonoManager ReloadAssembly
- Loaded All Assemblies, in  0.809 seconds
Refreshing native plugins compatible for Editor in 1.06 ms, found 3 plugins.
Missing types referenced from component UniversalRenderPipelineGlobalSettings on game object UniversalRenderPipelineGlobalSettings:
	UnityEngine.Rendering.Universal.UniversalRenderPipelineEditorAssets, Unity.RenderPipelines.Universal.Runtime (1 object)
Native extension for WindowsStandalone target not found
Native extension for WebGL target not found
Mono: successfully reloaded assembly
- Finished resetting the current domain, in  1.084 seconds
Domain Reload Profiling: 1893ms
	BeginReloadAssembly (218ms)
		ExecutionOrderSort (0ms)
		DisableScriptedObjects (6ms)
		BackupInstance (0ms)
		ReleaseScriptingObjects (0ms)
		CreateAndSetChildDomain (53ms)
	RebuildCommonClasses (35ms)
	RebuildNativeTypeToScriptingClass (11ms)
	initialDomainReloadingComplete (31ms)
	LoadAllAssembliesAndSetupDomain (512ms)
		LoadAssemblies (439ms)
		RebuildTransferFunctionScriptingTraits (0ms)
		AnalyzeDomain (188ms)
			TypeCache.Refresh (9ms)
				TypeCache.ScanAssembly (1ms)
			BuildScriptInfoCaches (164ms)
			ResolveRequiredComponents (11ms)
	FinalizeReload (1084ms)
		ReleaseScriptCaches (0ms)
		RebuildScriptCaches (0ms)
		SetupLoadedEditorAssemblies (710ms)
			LogAssemblyErrors (0ms)
			InitializePlatformSupportModulesInManaged (3ms)
			SetLoadedEditorAssemblies (6ms)
			BeforeProcessingInitializeOnLoad (96ms)
			ProcessInitializeOnLoadAttributes (530ms)
			ProcessInitializeOnLoadMethodAttributes (63ms)
			AfterProcessingInitializeOnLoad (11ms)
			EditorAssembliesLoaded (0ms)
		ExecutionOrderSort2 (0ms)
		AwakeInstancesAfterBackupRestoration (14ms)
Refreshing native plugins compatible for Editor in 1.89 ms, found 3 plugins.
Preloading 0 native plugins for Editor in 0.00 ms.
Unloading 35 Unused Serialized files (Serialized files now loaded: 0)
Unloading 5994 unused Assets / (7.1 MB). Loaded Objects now: 6937.
Memory consumption went from 167.8 MB to 160.8 MB.
Total: 19.219800 ms (FindLiveObjects: 1.224600 ms CreateObjectMapping: 1.660800 ms MarkObjects: 10.093300 ms  DeleteObjects: 6.239100 ms)

Prepare: number of updated asset objects reloaded= 0
